   1              		.cpu arm7tdmi
   2              		.fpu softvfp
   3              		.eabi_attribute 20, 1
   4              		.eabi_attribute 21, 1
   5              		.eabi_attribute 23, 3
   6              		.eabi_attribute 24, 1
   7              		.eabi_attribute 25, 1
   8              		.eabi_attribute 26, 1
   9              		.eabi_attribute 30, 4
  10              		.eabi_attribute 18, 4
  11              		.file	"button.c"
  12              		.text
  13              		.align	2
  14              		.global	Eint4567_ISR
  16              	Eint4567_ISR:
  17              		@ Interrupt Service Routine.
  18              		@ args = 0, pretend = 0, frame = 0
  19              		@ frame_needed = 1, uses_anonymous_args = 0
  20 0000 04C02DE5 		str	ip, [sp, #-4]!
  21 0004 0DC0A0E1 		mov	ip, sp
  22 0008 3FD82DE9 		stmfd	sp!, {r0, r1, r2, r3, r4, r5, fp, ip, lr, pc}
  23 000c 60409FE5 		ldr	r4, .L5
  24 0010 543094E5 		ldr	r3, [r4, #84]
  25 0014 5C209FE5 		ldr	r2, .L5+4
  26 0018 040053E3 		cmp	r3, #4
  27 001c 04B04CE2 		sub	fp, ip, #4
  28 0020 003082E5 		str	r3, [r2, #0]
  29 0024 0100000A 		beq	.L4
  30 0028 080053E3 		cmp	r3, #8
  31 002c 0300001A 		bne	.L2
  32              	.L4:
  33 0030 44309FE5 		ldr	r3, .L5+8
  34 0034 002093E5 		ldr	r2, [r3, #0]
  35 0038 40309FE5 		ldr	r3, .L5+12
  36 003c 002083E5 		str	r2, [r3, #0]
  37              	.L2:
  38 0040 6400A0E3 		mov	r0, #100
  39 0044 FEFFFFEB 		bl	DelayMs
  40 0048 543094E5 		ldr	r3, [r4, #84]
  41 004c 0F3083E3 		orr	r3, r3, #15
  42 0050 543084E5 		str	r3, [r4, #84]
  43 0054 1E36A0E3 		mov	r3, #31457280
  44 0058 242093E5 		ldr	r2, [r3, #36]
  45 005c 022682E3 		orr	r2, r2, #2097152
  46 0060 242083E5 		str	r2, [r3, #36]
  47 0064 24D04BE2 		sub	sp, fp, #36
  48 0068 3F689DE8 		ldmfd	sp, {r0, r1, r2, r3, r4, r5, fp, sp, lr}
  49 006c 04C09DE4 		ldmfd	sp!, {ip}
  50 0070 04F05EE2 		subs	pc, lr, #4
  51              	.L6:
  52              		.align	2
  53              	.L5:
  54 0074 0000D201 		.word	30539776
  55 0078 00000000 		.word	which_int
  56 007c 00000000 		.word	semilla
  57 0080 00000000 		.word	cartas
  59              		.align	2
  60              		.global	button_init
  62              	button_init:
  63              		@ Function supports interworking.
  64              		@ args = 0, pretend = 0, frame = 0
  65              		@ frame_needed = 0, uses_anonymous_args = 0
  66              		@ link register save eliminated.
  67 0084 08209FE5 		ldr	r2, .L8
  68 0088 08309FE5 		ldr	r3, .L8+4
  69 008c 402083E5 		str	r2, [r3, #64]
  70 0090 1EFF2FE1 		bx	lr
  71              	.L9:
  72              		.align	2
  73              	.L8:
  74 0094 FF0F0000 		.word	4095
  75 0098 0000D201 		.word	30539776
  77              		.align	2
  78              		.global	Eint4567_init
  80              	Eint4567_init:
  81              		@ Function supports interworking.
  82              		@ args = 0, pretend = 0, frame = 0
  83              		@ frame_needed = 0, uses_anonymous_args = 0
  84              		@ link register save eliminated.
  85 009c 8C309FE5 		ldr	r3, .L11
  86 00a0 542093E5 		ldr	r2, [r3, #84]
  87 00a4 0F2082E3 		orr	r2, r2, #15
  88 00a8 04402DE5 		str	r4, [sp, #-4]!
  89 00ac 0000A0E3 		mov	r0, #0
  90 00b0 542083E5 		str	r2, [r3, #84]
  91 00b4 3F13E0E3 		mvn	r1, #-67108864
  92 00b8 1E26A0E3 		mov	r2, #31457280
  93 00bc 241082E5 		str	r1, [r2, #36]
  94 00c0 080082E5 		str	r0, [r2, #8]
  95 00c4 00C092E5 		ldr	ip, [r2, #0]
  96 00c8 00C0E0E3 		mvn	ip, #0
  97 00cc 00C082E5 		str	ip, [r2, #0]
  98 00d0 06C0E0E3 		mvn	ip, #6
  99 00d4 00C082E5 		str	ip, [r2, #0]
 100 00d8 0CC092E5 		ldr	ip, [r2, #12]
 101 00dc 42C6CCE3 		bic	ip, ip, #69206016
 102 00e0 0CC082E5 		str	ip, [r2, #12]
 103 00e4 48409FE5 		ldr	r4, .L11+4
 104 00e8 48C09FE5 		ldr	ip, .L11+8
 105 00ec 8B400CE5 		str	r4, [ip, #-139]
 106 00f0 44C09FE5 		ldr	ip, .L11+12
 107 00f4 40C083E5 		str	ip, [r3, #64]
 108 00f8 48C093E5 		ldr	ip, [r3, #72]
 109 00fc 3FC00CE2 		and	ip, ip, #63
 110 0100 48C083E5 		str	ip, [r3, #72]
 111 0104 50C093E5 		ldr	ip, [r3, #80]
 112 0108 500083E5 		str	r0, [r3, #80]
 113 010c 500093E5 		ldr	r0, [r3, #80]
 114 0110 220480E3 		orr	r0, r0, #570425344
 115 0114 500083E5 		str	r0, [r3, #80]
 116 0118 540093E5 		ldr	r0, [r3, #84]
 117 011c 0F0080E3 		orr	r0, r0, #15
 118 0120 540083E5 		str	r0, [r3, #84]
 119 0124 241082E5 		str	r1, [r2, #36]
 120 0128 04409DE4 		ldmfd	sp!, {r4}
 121 012c 1EFF2FE1 		bx	lr
 122              	.L12:
 123              		.align	2
 124              	.L11:
 125 0130 0000D201 		.word	30539776
 126 0134 00000000 		.word	Eint4567_ISR
 127 0138 FFFF7F0C 		.word	209715199
 128 013c FFFF0000 		.word	65535
 130              		.global	symbol
 131              		.comm	cartas,4,4
 132              		.comm	which_int,4,4
 133              		.bss
 134              		.align	2
 137              	symbol:
 138 0000 00000000 		.space	4
 139              		.ident	"GCC: (Sourcery G++ Lite 2011.03-42) 4.5.2"
DEFINED SYMBOLS
                            *ABS*:00000000 button.c
C:\Users\USUARI~1\AppData\Local\Temp\ccKvGZtC.s:13     .text:00000000 $a
C:\Users\USUARI~1\AppData\Local\Temp\ccKvGZtC.s:16     .text:00000000 Eint4567_ISR
C:\Users\USUARI~1\AppData\Local\Temp\ccKvGZtC.s:54     .text:00000074 $d
                            *COM*:00000004 which_int
                            *COM*:00000004 cartas
C:\Users\USUARI~1\AppData\Local\Temp\ccKvGZtC.s:59     .text:00000084 $a
C:\Users\USUARI~1\AppData\Local\Temp\ccKvGZtC.s:62     .text:00000084 button_init
C:\Users\USUARI~1\AppData\Local\Temp\ccKvGZtC.s:74     .text:00000094 $d
C:\Users\USUARI~1\AppData\Local\Temp\ccKvGZtC.s:77     .text:0000009c $a
C:\Users\USUARI~1\AppData\Local\Temp\ccKvGZtC.s:80     .text:0000009c Eint4567_init
C:\Users\USUARI~1\AppData\Local\Temp\ccKvGZtC.s:125    .text:00000130 $d
C:\Users\USUARI~1\AppData\Local\Temp\ccKvGZtC.s:137    .bss:00000000 symbol
C:\Users\USUARI~1\AppData\Local\Temp\ccKvGZtC.s:134    .bss:00000000 $d

UNDEFINED SYMBOLS
DelayMs
semilla
