   1              		.cpu arm7tdmi
   2              		.fpu softvfp
   3              		.eabi_attribute 20, 1
   4              		.eabi_attribute 21, 1
   5              		.eabi_attribute 23, 3
   6              		.eabi_attribute 24, 1
   7              		.eabi_attribute 25, 1
   8              		.eabi_attribute 26, 1
   9              		.eabi_attribute 30, 6
  10              		.eabi_attribute 18, 4
  11              		.file	"timer.c"
  21              	.Ltext0:
  22              		.file 1 "../timer.c"
 1881              		.align	2
 1884              	semilla:
 1885 0000 00000000 		.space	4
 1886              		.text
 1887              		.align	2
 1888              		.global	timer_init
 1890              	timer_init:
 1891              	.LFB0:
   1:../timer.c    **** /*--- ficheros de cabecera ---*/
   2:../timer.c    **** #include "44b.h"
   3:../timer.c    **** #include "44blib.h"
   4:../timer.c    **** /*--- funciones externas ---*/
   5:../timer.c    **** extern void leds_switch();
   6:../timer.c    **** /*--- declaracion de funciones ---*/
   7:../timer.c    **** void timer_ISR(void) __attribute__ ((interrupt ("IRQ")));
   8:../timer.c    **** void timer_init(void);
   9:../timer.c    **** /*--- codigo de las funciones ---*/
  10:../timer.c    **** 
  11:../timer.c    **** int semilla = 0;
  12:../timer.c    **** 
  13:../timer.c    **** void timer_init(void)
  14:../timer.c    **** {
 1892              		.loc 1 14 0
 1893              		.cfi_startproc
 1894              		@ Function supports interworking.
 1895              		@ args = 0, pretend = 0, frame = 0
 1896              		@ frame_needed = 1, uses_anonymous_args = 0
 1897 0000 0DC0A0E1 		mov	ip, sp
 1898              	.LCFI0:
 1899              		.cfi_def_cfa_register 12
 1900 0004 00D82DE9 		stmfd	sp!, {fp, ip, lr, pc}
 1901 0008 04B04CE2 		sub	fp, ip, #4
 1902              		.cfi_offset 14, -8
 1903              		.cfi_offset 13, -12
 1904              		.cfi_offset 11, -16
 1905              	.LCFI1:
 1906              		.cfi_def_cfa 11, 4
  15:../timer.c    **** 	/* Configuracion del controlador de interrupciones */	
  16:../timer.c    **** 	rINTMOD=0x0;// Configurar las lineas como de tipo IRQ	
 1907              		.loc 1 16 0
 1908 000c CC309FE5 		ldr	r3, .L2
 1909 0010 0020A0E3 		mov	r2, #0
 1910 0014 002083E5 		str	r2, [r3, #0]
  17:../timer.c    **** 	rINTCON=0x1;// Habilitar int. vectorizadas y la linea IRQ (FIQ no)	
 1911              		.loc 1 17 0
 1912 0018 1E36A0E3 		mov	r3, #31457280
 1913 001c 0120A0E3 		mov	r2, #1
 1914 0020 002083E5 		str	r2, [r3, #0]
  18:../timer.c    **** 	rINTMSK = rINTMSK & ~(BIT_TIMER0 | BIT_GLOBAL);// Enmascarar todas las lineas excepto Timer0 y el 
 1915              		.loc 1 18 0
 1916 0024 B8209FE5 		ldr	r2, .L2+4
 1917 0028 B4309FE5 		ldr	r3, .L2+4
 1918 002c 003093E5 		ldr	r3, [r3, #0]
 1919 0030 0133C3E3 		bic	r3, r3, #67108864
 1920 0034 023AC3E3 		bic	r3, r3, #8192
 1921 0038 003082E5 		str	r3, [r2, #0]
  19:../timer.c    **** 	/* Establece la rutina de servicio para TIMER0 */
  20:../timer.c    **** 	pISR_TIMER0=(unsigned)timer_ISR;
 1922              		.loc 1 20 0
 1923 003c A4309FE5 		ldr	r3, .L2+8
 1924 0040 A4209FE5 		ldr	r2, .L2+12
 1925 0044 002083E5 		str	r2, [r3, #0]
  21:../timer.c    **** 	/* Configurar el Timer0 (el resto de los timers se dejan a la
  22:../timer.c    **** 	configuración por defecto) */
  23:../timer.c    **** 	rTCFG0=0xFF;// pre-escalado = 255
 1926              		.loc 1 23 0
 1927 0048 A0309FE5 		ldr	r3, .L2+16
 1928 004c FF20A0E3 		mov	r2, #255
 1929 0050 002083E5 		str	r2, [r3, #0]
  24:../timer.c    **** 	rTCFG1 &= 0xFFFFF0;// divisor = 1/2
 1930              		.loc 1 24 0
 1931 0054 98209FE5 		ldr	r2, .L2+20
 1932 0058 94309FE5 		ldr	r3, .L2+20
 1933 005c 003093E5 		ldr	r3, [r3, #0]
 1934 0060 FF34C3E3 		bic	r3, r3, #-16777216
 1935 0064 0F30C3E3 		bic	r3, r3, #15
 1936 0068 003082E5 		str	r3, [r2, #0]
  25:../timer.c    **** 	rTCNTB0=65535;
 1937              		.loc 1 25 0
 1938 006c 84309FE5 		ldr	r3, .L2+24
 1939 0070 84209FE5 		ldr	r2, .L2+28
 1940 0074 002083E5 		str	r2, [r3, #0]
  26:../timer.c    **** 	rTCMPB0=12800;
 1941              		.loc 1 26 0
 1942 0078 80309FE5 		ldr	r3, .L2+32
 1943 007c 322CA0E3 		mov	r2, #12800
 1944 0080 002083E5 		str	r2, [r3, #0]
  27:../timer.c    **** 	
  28:../timer.c    **** 	rTCON=rTCON| (0x01<<1);// establecer manual_update
 1945              		.loc 1 28 0
 1946 0084 78309FE5 		ldr	r3, .L2+36
 1947 0088 74209FE5 		ldr	r2, .L2+36
 1948 008c 002092E5 		ldr	r2, [r2, #0]
 1949 0090 022082E3 		orr	r2, r2, #2
 1950 0094 002083E5 		str	r2, [r3, #0]
  29:../timer.c    **** 	rTCON=rTCON & ~(0x01<<1);// DESACTIVA manual_update
 1951              		.loc 1 29 0
 1952 0098 64309FE5 		ldr	r3, .L2+36
 1953 009c 60209FE5 		ldr	r2, .L2+36
 1954 00a0 002092E5 		ldr	r2, [r2, #0]
 1955 00a4 0220C2E3 		bic	r2, r2, #2
 1956 00a8 002083E5 		str	r2, [r3, #0]
  30:../timer.c    **** 	rTCON=rTCON|(0x01<<3);//activar modo auto-reload
 1957              		.loc 1 30 0
 1958 00ac 50309FE5 		ldr	r3, .L2+36
 1959 00b0 4C209FE5 		ldr	r2, .L2+36
 1960 00b4 002092E5 		ldr	r2, [r2, #0]
 1961 00b8 082082E3 		orr	r2, r2, #8
 1962 00bc 002083E5 		str	r2, [r3, #0]
  31:../timer.c    **** 	rTCON=rTCON|(0x01<<0);// iniciar timer
 1963              		.loc 1 31 0
 1964 00c0 3C309FE5 		ldr	r3, .L2+36
 1965 00c4 38209FE5 		ldr	r2, .L2+36
 1966 00c8 002092E5 		ldr	r2, [r2, #0]
 1967 00cc 012082E3 		orr	r2, r2, #1
 1968 00d0 002083E5 		str	r2, [r3, #0]
  32:../timer.c    **** }
 1969              		.loc 1 32 0
 1970 00d4 0CD04BE2 		sub	sp, fp, #12
 1971 00d8 00689DE8 		ldmfd	sp, {fp, sp, lr}
 1972 00dc 1EFF2FE1 		bx	lr
 1973              	.L3:
 1974              		.align	2
 1975              	.L2:
 1976 00e0 0800E001 		.word	31457288
 1977 00e4 0C00E001 		.word	31457292
 1978 00e8 54FF7F0C 		.word	209715028
 1979 00ec 00000000 		.word	timer_ISR
 1980 00f0 0000D501 		.word	30736384
 1981 00f4 0400D501 		.word	30736388
 1982 00f8 0C00D501 		.word	30736396
 1983 00fc FFFF0000 		.word	65535
 1984 0100 1000D501 		.word	30736400
 1985 0104 0800D501 		.word	30736392
 1986              		.cfi_endproc
 1987              	.LFE0:
 1989              		.align	2
 1990              		.global	timer_ISR
 1992              	timer_ISR:
 1993              	.LFB1:
  33:../timer.c    **** 
  34:../timer.c    **** void timer_ISR(void){
 1994              		.loc 1 34 0
 1995              		.cfi_startproc
 1996              		@ Interrupt Service Routine.
 1997              		@ args = 0, pretend = 0, frame = 0
 1998              		@ frame_needed = 1, uses_anonymous_args = 0
 1999 0108 04C02DE5 		str	ip, [sp, #-4]!
 2000 010c 0DC0A0E1 		mov	ip, sp
 2001              	.LCFI2:
 2002              		.cfi_def_cfa_register 12
 2003 0110 0CD82DE9 		stmfd	sp!, {r2, r3, fp, ip, lr, pc}
 2004 0114 04B04CE2 		sub	fp, ip, #4
 2005              		.cfi_offset 14, -8
 2006              		.cfi_offset 13, -12
 2007              		.cfi_offset 11, -16
 2008              		.cfi_offset 3, -20
 2009              		.cfi_offset 2, -24
 2010              	.LCFI3:
 2011              		.cfi_def_cfa 11, 4
  35:../timer.c    **** 	semilla = semilla + 1;
 2012              		.loc 1 35 0
 2013 0118 28309FE5 		ldr	r3, .L5
 2014 011c 003093E5 		ldr	r3, [r3, #0]
 2015 0120 012083E2 		add	r2, r3, #1
 2016 0124 1C309FE5 		ldr	r3, .L5
 2017 0128 002083E5 		str	r2, [r3, #0]
  36:../timer.c    **** 	rI_ISPC = BIT_TIMER0;
 2018              		.loc 1 36 0
 2019 012c 18309FE5 		ldr	r3, .L5+4
 2020 0130 022AA0E3 		mov	r2, #8192
 2021 0134 002083E5 		str	r2, [r3, #0]
  37:../timer.c    **** }
 2022              		.loc 1 37 0
 2023 0138 14D04BE2 		sub	sp, fp, #20
 2024 013c 0C689DE8 		ldmfd	sp, {r2, r3, fp, sp, lr}
 2025 0140 04C09DE4 		ldmfd	sp!, {ip}
 2026 0144 04F05EE2 		subs	pc, lr, #4
 2027              	.L6:
 2028              		.align	2
 2029              	.L5:
 2030 0148 00000000 		.word	semilla
 2031 014c 2400E001 		.word	31457316
 2032              		.cfi_endproc
 2033              	.LFE1:
 2035              	.Letext0:
DEFINED SYMBOLS
                            *ABS*:00000000 timer.c
C:\Users\USUARI~1\AppData\Local\Temp\ccaFJE5f.s:1884   .bss:00000000 semilla
C:\Users\USUARI~1\AppData\Local\Temp\ccaFJE5f.s:1881   .bss:00000000 $d
C:\Users\USUARI~1\AppData\Local\Temp\ccaFJE5f.s:1887   .text:00000000 $a
C:\Users\USUARI~1\AppData\Local\Temp\ccaFJE5f.s:1890   .text:00000000 timer_init
C:\Users\USUARI~1\AppData\Local\Temp\ccaFJE5f.s:1976   .text:000000e0 $d
C:\Users\USUARI~1\AppData\Local\Temp\ccaFJE5f.s:1992   .text:00000108 timer_ISR
C:\Users\USUARI~1\AppData\Local\Temp\ccaFJE5f.s:1989   .text:00000108 $a
C:\Users\USUARI~1\AppData\Local\Temp\ccaFJE5f.s:2030   .text:00000148 $d
                     .debug_frame:00000010 $d

NO UNDEFINED SYMBOLS
